<?xml version="1.0" encoding="UTF-8"?>
<!-- Generated by org.testng.reporters.JUnitReportReporter -->
<testsuite hostname="TYSS-Nandini-Gopal" failures="0" tests="1" name="TestScripts.TC01_RegisterTest" time="7.816" errors="0" timestamp="2024-01-25T09:55:44 IST" skipped="0">
  <testcase classname="TestScripts.TC01_RegisterTest" name="registerTestCase" time="7.816"/>
  <system-out/>
</testsuite> <!-- TestScripts.TC01_RegisterTest -->
